2020-10-24 15:35:42
++++++++++++++++++++++++++++++++++++++++CONFIGURATION SUMMARY++++++++++++++++++++++++++++++++++++++++
 Status:
     mode                 : interactive_predict
 ++++++++++++++++++++++++++++++++++++++++
 Datasets:
     datasets         fold: data
     train            file: train.json
     validation       file: dev.json
     vocab             dir: data/vocabs
     delimiter            : b
     use              bert: True
     checkpoints       dir: checkpoints/datasets_bert-bilsm-crf
     log               dir: data/logs
 ++++++++++++++++++++++++++++++++++++++++
Labeling Scheme:
     label          scheme: BIO
     label           level: 2
     suffixes             : ['ORG', 'PER', 'LOC']
     measuring     metrics: ['precision', 'recall', 'f1', 'accuracy']
 ++++++++++++++++++++++++++++++++++++++++
Model Configuration:
     embedding         dim: 768
     max  sequence  length: 128
     hidden            dim: 200
     CUDA  VISIBLE  DEVICE: 0
     seed                 : 42
 ++++++++++++++++++++++++++++++++++++++++
 Training Settings:
     epoch                : 300
     batch            size: 32
     dropout              : 0.5
     learning         rate: 0.001
     optimizer            : Adam
     checkpoint       name: model
     max       checkpoints: 3
     print       per_batch: 2
     is     early     stop: True
     patient              : 5
++++++++++++++++++++++++++++++++++++++++CONFIGURATION SUMMARY END++++++++++++++++++++++++++++++++++++++++
loading data...
loading data...
training set size: 2193, validating set size: 386
++++++++++++++++++++training starting++++++++++++++++++++
epoch:1/300
